2022-10-30 18:46:58,121 INFO User started program
2022-10-30 18:47:01,184 INFO Users input 1
2022-10-30 18:47:02,535 INFO Users input 2
2022-10-30 18:47:03,191 INFO Users input 4
2022-10-30 18:47:03,967 INFO Users input 2
2022-10-30 18:47:04,932 INFO User selects a figure
2022-10-30 18:47:04,940 INFO Program printed the color
2022-10-30 18:47:04,946 INFO User made a wrong move
2022-10-30 18:47:04,946 INFO Programm ended
2022-10-30 18:47:08,485 INFO User started program
2022-10-30 18:47:09,919 INFO Users input 1
2022-10-30 18:47:10,539 INFO Users input 1
2022-10-30 18:47:11,517 INFO Users input 3
2022-10-30 18:47:12,206 INFO Users input 2
2022-10-30 18:47:13,474 INFO User selects a figure
2022-10-30 18:47:13,484 INFO Program printed the color
2022-10-30 18:47:13,490 INFO User made a wrong move
2022-10-30 18:47:13,490 INFO Programm ended
2022-10-30 18:47:16,105 INFO User started program
2022-10-30 18:47:17,976 INFO Users input 5
2022-10-30 18:47:18,779 INFO Users input 3
2022-10-30 18:47:19,466 INFO Users input 5
2022-10-30 18:47:21,144 INFO Users input 2
2022-10-30 18:47:22,307 INFO User selects a figure
2022-10-30 18:47:22,314 INFO Program printed the color
2022-10-30 18:47:22,318 INFO Program printed to user
2022-10-30 18:47:22,318 INFO Programm ended
2022-10-30 18:47:27,790 INFO User started program
2022-10-30 18:47:44,523 INFO Users input 3
2022-10-30 18:47:45,068 INFO Users input 5
2022-10-30 18:47:48,081 INFO Incorrect number
2022-10-30 18:48:33,507 INFO User started program
2022-10-30 18:48:55,057 INFO Users input 3
2022-10-30 18:48:55,707 INFO Users input 2
2022-10-30 18:48:56,234 INFO Users input 1
2022-10-30 18:48:56,690 INFO Users input 5
2022-10-30 18:49:00,265 INFO User selects a figure
2022-10-30 18:49:00,276 ERROR Incorrect number
2022-10-30 18:49:00,276 INFO User started program
2022-10-30 18:49:22,063 INFO Users input 3
2022-10-30 18:49:22,573 INFO Users input 2
2022-10-30 18:49:23,969 INFO Users input 8
2022-10-30 18:49:24,674 INFO Users input 2
2022-10-30 18:49:27,244 INFO User selects a figure
2022-10-30 18:49:27,257 INFO Program printed the color
2022-10-30 18:49:27,267 INFO User made the right move
2022-10-30 18:49:27,267 INFO Programm ended
